<?xml version="1.0" encoding="UTF-8"?>
<!-- Generated by org.testng.reporters.JUnitReportReporter -->
<testsuite hostname="DESKTOP-AM6U94K" failures="0" tests="3" name="com.Mohs10.TestScripts.HomePage_Login" time="35.262" errors="0" timestamp="2024-06-20T12:01:21 IST" skipped="0">
  <testcase classname="com.Mohs10.TestScripts.HomePage_Login" name="LoginTestCase" time="11.421"/>
  <testcase classname="com.Mohs10.TestScripts.HomePage_Login" name="LoginTestCase" time="11.187"/>
  <testcase classname="com.Mohs10.TestScripts.HomePage_Login" name="LoginTestCase" time="12.654"/>
</testsuite> <!-- com.Mohs10.TestScripts.HomePage_Login -->
