<?xml version="1.0" encoding="UTF-8"?>
<!-- Generated by org.testng.reporters.JUnitReportReporter -->
<testsuite hostname="DESKTOP-AM6U94K" failures="0" tests="3" name="com.Mohs10.TestScripts.MamatvaProd_Scripts" time="50.203" errors="0" timestamp="2024-06-20T14:25:48 IST" skipped="0">
  <testcase classname="com.Mohs10.TestScripts.MamatvaProd_Scripts" name="Mamatva" time="18.147"/>
  <testcase classname="com.Mohs10.TestScripts.MamatvaProd_Scripts" name="Mamatva" time="17.655"/>
  <testcase classname="com.Mohs10.TestScripts.MamatvaProd_Scripts" name="Mamatva" time="14.401"/>
</testsuite> <!-- com.Mohs10.TestScripts.MamatvaProd_Scripts -->
