<?xml version="1.0" encoding="UTF-8"?>
<!-- Generated by org.testng.reporters.JUnitReportReporter -->
<testsuite hostname="DESKTOP-AM6U94K" failures="0" tests="3" name="com.Mohs10.Reports.New_PDF_Report" time="188.615" errors="0" timestamp="2024-06-20T14:25:48 IST" skipped="0">
  <testcase classname="com.Mohs10.Reports.New_PDF_Report" name="PDFreports" time="62.431"/>
  <testcase classname="com.Mohs10.Reports.New_PDF_Report" name="PDFreports" time="62.720"/>
  <testcase classname="com.Mohs10.Reports.New_PDF_Report" name="PDFreports" time="63.464"/>
</testsuite> <!-- com.Mohs10.Reports.New_PDF_Report -->
